<?xml version="1.0" encoding="UTF-8"?>
<!-- Generated by org.testng.reporters.JUnitReportReporter -->
<testsuite hostname="Aniruddha" failures="0" tests="4" name="com.elearning.testCases.BaseClass" time="117.576" errors="0" timestamp="25 Nov 2020 08:27:34 GMT" skipped="0">
  <testcase classname="com.elearning.testCases.BaseClass" name="loginTest" time="7.671"/>
  <testcase classname="com.elearning.testCases.BaseClass" name="ELTC_031" time="57.582"/>
  <testcase classname="com.elearning.testCases.BaseClass" name="ELTC_032" time="35.687"/>
  <testcase classname="com.elearning.testCases.BaseClass" name="ELTC_033" time="16.636"/>
</testsuite> <!-- com.elearning.testCases.BaseClass -->
